#
# There is insufficient memory for the Java Runtime Environment to continue.
# Native memory allocation (mmap) failed to map 266338304 bytes for Failed to commit area from 0x0000000702200000 to 0x0000000712000000 of length 266338304.
# Possible reasons:
#   The system is out of physical RAM or swap space
#   The process is running with CompressedOops enabled, and the Java Heap may be blocking the growth of the native heap
# Possible solutions:
#   Reduce memory load on the system
#   Increase physical memory or swap space
#   Check if swap backing store is full
#   Decrease Java heap size (-Xmx/-Xms)
#   Decrease number of Java threads
#   Decrease Java thread stack sizes (-Xss)
#   Set larger code cache with -XX:ReservedCodeCacheSize=
# This output file may be truncated or incomplete.
#
#  Out of Memory Error (./open/src/hotspot/os/windows/os_windows.cpp:3275), pid=25740, tid=26600
#
# JRE version:  (11.0.9+7) (build )
# Java VM: Java HotSpot(TM) 64-Bit Server VM (11.0.9+7-LTS, mixed mode, sharing, tiered, compressed oops, g1 gc, windows-amd64)
# No core dump will be written. Minidumps are not enabled by default on client versions of Windows
#

---------------  S U M M A R Y ------------

Command Line: -Dclassworlds.conf=C:\apache-maven-3.6.3\bin\..\bin\m2.conf -Dmaven.home=C:\apache-maven-3.6.3\bin\.. -Dlibrary.jansi.path=C:\apache-maven-3.6.3\bin\..\lib\jansi-native -Dmaven.multiModuleProjectDirectory=D:\project\ecommerceWeb org.codehaus.plexus.classworlds.launcher.Launcher clean package

Host: Intel(R) Core(TM) i7-8700 CPU @ 3.20GHz, 12 cores, 15G,  Windows 10 , 64 bit Build 18362 (10.0.18362.1350)
Time: Tue Apr  6 22:17:18 2021 Georgian Standard Time elapsed time: 0.015277 seconds (0d 0h 0m 0s)

---------------  T H R E A D  ---------------

Current thread (0x000001f863e77800):  JavaThread "Unknown thread" [_thread_in_vm, id=26600, stack(0x0000007194b00000,0x0000007194c00000)]

Stack: [0x0000007194b00000,0x0000007194c00000]
Native frames: (J=compiled Java code, j=interpreted, Vv=VM code, C=native code)
V  [jvm.dll+0x611a3a]
V  [jvm.dll+0x748aaf]
V  [jvm.dll+0x74a135]
V  [jvm.dll+0x74a7b3]
V  [jvm.dll+0x2439f8]
V  [jvm.dll+0x60eeda]
V  [jvm.dll+0x603de5]
V  [jvm.dll+0x2f785c]
V  [jvm.dll+0x2f76e2]
V  [jvm.dll+0x2fc396]
V  [jvm.dll+0x33e1df]
V  [jvm.dll+0x33dc10]
V  [jvm.dll+0x2d5aa8]
V  [jvm.dll+0x2d6c06]
V  [jvm.dll+0x724927]
V  [jvm.dll+0x7261cf]
V  [jvm.dll+0x34af59]
V  [jvm.dll+0x70a4a0]
V  [jvm.dll+0x3b415f]
V  [jvm.dll+0x3b6201]
C  [jli.dll+0x520b]
C  [ucrtbase.dll+0x210b2]
C  [KERNEL32.DLL+0x17c24]
C  [ntdll.dll+0x6d721]


---------------  P R O C E S S  ---------------

Threads class SMR info:
_java_thread_list=0x000001f861c36640, length=0, elements={
}

Java Threads: ( => current thread )

Other Threads:
  0x000001f863e8c800 GCTaskThread "GC Thread#0" [stack: 0x0000007194c00000,0x0000007194d00000] [id=5904]
  0x000001f863eeb000 ConcurrentGCThread "G1 Main Marker" [stack: 0x0000007194d00000,0x0000007194e00000] [id=4984]
  0x000001f863eec800 ConcurrentGCThread "G1 Conc#0" [stack: 0x0000007194e00000,0x0000007194f00000] [id=12572]

[error occurred during error reporting (printing all threads), id 0xc0000005, EXCEPTION_ACCESS_VIOLATION (0xc0000005) at pc=0x00007ff86cb342a7]

VM state:not at safepoint (not fully initialized)

VM Mutex/Monitor currently owned by a thread:  ([mutex/lock_event])
[0x000001f861c32020] Heap_lock - owner thread: 0x000001f863e77800

Heap address: 0x0000000702200000, size: 4062 MB, Compressed Oops mode: Non-zero based: 0x0000000702200000
Narrow klass base: 0x0000000000000000, Narrow klass shift: 0

GC Heap History (0 events):
No events

Deoptimization events (0 events):
No events

Classes redefined (0 events):
No events

Internal exceptions (0 events):
No events

Events (0 events):
No events


Dynamic libraries:
0x00007ff7da080000 - 0x00007ff7da08f000 	C:\Program Files\Java\jdk-11.0.9\bin\java.exe
0x00007ff8ae0a0000 - 0x00007ff8ae290000 	C:\Windows\SYSTEM32\ntdll.dll
0x00007ff8add70000 - 0x00007ff8ade22000 	C:\Windows\System32\KERNEL32.DLL
0x00007ff8abea0000 - 0x00007ff8ac145000 	C:\Windows\System32\KERNELBASE.dll
0x00007ff8ab020000 - 0x00007ff8ab11a000 	C:\Windows\System32\ucrtbase.dll
0x00007ff893e60000 - 0x00007ff893e75000 	C:\Program Files\Java\jdk-11.0.9\bin\VCRUNTIME140.dll
0x00007ff893e40000 - 0x00007ff893e58000 	C:\Program Files\Java\jdk-11.0.9\bin\jli.dll
0x00007ff8ade30000 - 0x00007ff8aded3000 	C:\Windows\System32\ADVAPI32.dll
0x00007ff8ad8f0000 - 0x00007ff8ad98e000 	C:\Windows\System32\msvcrt.dll
0x00007ff8adfc0000 - 0x00007ff8ae057000 	C:\Windows\System32\sechost.dll
0x00007ff8ac6f0000 - 0x00007ff8ac80f000 	C:\Windows\System32\RPCRT4.dll
0x00007ff8ac330000 - 0x00007ff8ac4c4000 	C:\Windows\System32\USER32.dll
0x00007ff89b970000 - 0x00007ff89bbf4000 	C:\Windows\WinSxS\amd64_microsoft.windows.common-controls_6595b64144ccf1df_6.0.18362.1379_none_9e7ff3b3e45cc0c4\COMCTL32.dll
0x00007ff8abba0000 - 0x00007ff8abbc1000 	C:\Windows\System32\win32u.dll
0x00007ff8ad9a0000 - 0x00007ff8adcd7000 	C:\Windows\System32\combase.dll
0x00007ff8ac300000 - 0x00007ff8ac326000 	C:\Windows\System32\GDI32.dll
0x00007ff8ab970000 - 0x00007ff8ab9f1000 	C:\Windows\System32\bcryptPrimitives.dll
0x00007ff8aba00000 - 0x00007ff8abb98000 	C:\Windows\System32\gdi32full.dll
0x00007ff8abda0000 - 0x00007ff8abe3e000 	C:\Windows\System32\msvcp_win.dll
0x00007ff8a6a80000 - 0x00007ff8a6a8a000 	C:\Windows\SYSTEM32\VERSION.dll
0x00007ff8add40000 - 0x00007ff8add6e000 	C:\Windows\System32\IMM32.DLL
0x00007ff877750000 - 0x00007ff8777eb000 	C:\Program Files\Java\jdk-11.0.9\bin\msvcp140.dll
0x00007ff86c850000 - 0x00007ff86d347000 	C:\Program Files\Java\jdk-11.0.9\bin\server\jvm.dll
0x00007ff8adee0000 - 0x00007ff8adee8000 	C:\Windows\System32\PSAPI.DLL
0x00007ff8a0720000 - 0x00007ff8a0729000 	C:\Windows\SYSTEM32\WSOCK32.dll
0x00007ff8a1f40000 - 0x00007ff8a1f64000 	C:\Windows\SYSTEM32\WINMM.dll
0x000001f8635e0000 - 0x000001f86364f000 	C:\Windows\System32\ws2_32.DLL
0x00007ff8a1ce0000 - 0x00007ff8a1d0d000 	C:\Windows\SYSTEM32\WINMMBASE.dll
0x00007ff8abd20000 - 0x00007ff8abd6a000 	C:\Windows\System32\cfgmgr32.dll
0x00007ff8aafb0000 - 0x00007ff8aafc1000 	C:\Windows\System32\kernel.appcore.dll
0x00007ff8a3d30000 - 0x00007ff8a3d40000 	C:\Program Files\Java\jdk-11.0.9\bin\verify.dll
0x00007ff8a5690000 - 0x00007ff8a5884000 	C:\Windows\SYSTEM32\DBGHELP.DLL
0x00007ff8a5420000 - 0x00007ff8a544a000 	C:\Windows\SYSTEM32\dbgcore.DLL
0x00007ff883b00000 - 0x00007ff883b28000 	C:\Program Files\Java\jdk-11.0.9\bin\java.dll
0x00007ff8a1240000 - 0x00007ff8a124a000 	C:\Program Files\Java\jdk-11.0.9\bin\jimage.dll
0x00007ff890020000 - 0x00007ff890036000 	C:\Program Files\Java\jdk-11.0.9\bin\zip.dll

dbghelp: loaded successfully - version: 4.0.5 - missing functions: none
symbol engine: initialized successfully - sym options: 0x614 - pdb path: .;C:\Program Files\Java\jdk-11.0.9\bin;C:\Windows\SYSTEM32;C:\Windows\WinSxS\amd64_microsoft.windows.common-controls_6595b64144ccf1df_6.0.18362.1379_none_9e7ff3b3e45cc0c4;C:\Program Files\Java\jdk-11.0.9\bin\server

VM Arguments:
jvm_args: -Dclassworlds.conf=C:\apache-maven-3.6.3\bin\..\bin\m2.conf -Dmaven.home=C:\apache-maven-3.6.3\bin\.. -Dlibrary.jansi.path=C:\apache-maven-3.6.3\bin\..\lib\jansi-native -Dmaven.multiModuleProjectDirectory=D:\project\ecommerceWeb 
java_command: org.codehaus.plexus.classworlds.launcher.Launcher clean package
java_class_path (initial): C:\apache-maven-3.6.3\bin\..\boot\plexus-classworlds-2.6.0.jar
Launcher Type: SUN_STANDARD

[Global flags]
     intx CICompilerCount                          = 4                                         {product} {ergonomic}
     uint ConcGCThreads                            = 3                                         {product} {ergonomic}
     uint G1ConcRefinementThreads                  = 10                                        {product} {ergonomic}
   size_t G1HeapRegionSize                         = 1048576                                   {product} {ergonomic}
    uintx GCDrainStackTargetSize                   = 64                                        {product} {ergonomic}
   size_t InitialHeapSize                          = 266338304                                 {product} {ergonomic}
   size_t MarkStackSize                            = 4194304                                   {product} {ergonomic}
   size_t MaxHeapSize                              = 4259315712                                {product} {ergonomic}
   size_t MinHeapDeltaBytes                        = 1048576                                   {product} {ergonomic}
    uintx NonNMethodCodeHeapSize                   = 5836300                                {pd product} {ergonomic}
    uintx NonProfiledCodeHeapSize                  = 122910970                              {pd product} {ergonomic}
    uintx ProfiledCodeHeapSize                     = 122910970                              {pd product} {ergonomic}
    uintx ReservedCodeCacheSize                    = 251658240                              {pd product} {ergonomic}
     bool SegmentedCodeCache                       = true                                      {product} {ergonomic}
     bool UseCompressedClassPointers               = true                                 {lp64_product} {ergonomic}
     bool UseCompressedOops                        = true                                 {lp64_product} {ergonomic}
     bool UseG1GC                                  = true                                      {product} {ergonomic}
     bool UseLargePagesIndividualAllocation        = false                                  {pd product} {ergonomic}

Logging:
Log output configuration:
 #0: stdout all=warning uptime,level,tags
 #1: stderr all=off uptime,level,tags

Environment Variables:
JAVA_HOME=C:\Program Files\Java\jdk-11.0.9
PATH=C:\Program Files (x86)\Common Files\Oracle\Java\javapath;c:\app\oracle\product\11.2.0\client_1\bin;C:\Windows\system32;C:\Windows;C:\Windows\System32\Wbem;C:\Windows\System32\WindowsPowerShell\v1.0\;C:\Windows\System32\OpenSSH\;C:\Program Files (x86)\Java\jre6\bin;C:\apache-maven-3.6.3\bin;C:\Program Files\Java\jdk-11.0.9\bin;C:\Users\lbolghashvili\AppData\Local\Microsoft\WindowsApps;C:\Users\lbolghashvili\AppData\Local\Programs\Fiddler;C:\Users\lbolghashvili\AppData\Local\Programs\Git\cmd;C:\Users\lbolghashvili\AppData\Local\Programs\Git\mingw64\bin;C:\Users\lbolghashvili\AppData\Local\Programs\Git\usr\bin
USERNAME=lbolghashvili
OS=Windows_NT
PROCESSOR_IDENTIFIER=Intel64 Family 6 Model 158 Stepping 10, GenuineIntel



---------------  S Y S T E M  ---------------

OS: Windows 10 , 64 bit Build 18362 (10.0.18362.1350)

CPU:total 12 (initial active 12) (6 cores per cpu, 2 threads per core) family 6 model 158 stepping 10, cmov, cx8, fxsr, mmx, sse, sse2, sse3, ssse3, sse4.1, sse4.2, popcnt, avx, avx2, aes, clmul, erms, rtm, 3dnowpref, lzcnt, ht, tsc, tscinvbit, bmi1, bmi2, adx, fma

Memory: 4k page, system-wide physical 16243M (2609M free)
TotalPageFile size 45980M (AvailPageFile size 146M)
current process WorkingSet (physical memory assigned to process): 10M, peak: 10M
current process commit charge ("private bytes"): 64M, peak: 318M

vm_info: Java HotSpot(TM) 64-Bit Server VM (11.0.9+7-LTS) for windows-amd64 JRE (11.0.9+7-LTS), built on Sep 15 2020 16:47:03 by "mach5one" with MS VC++ 15.9 (VS2017)

END.
