#
# There is insufficient memory for the Java Runtime Environment to continue.
# Native memory allocation (mmap) failed to map 266338304 bytes for Failed to commit area from 0x0000000702200000 to 0x0000000712000000 of length 266338304.
# Possible reasons:
#   The system is out of physical RAM or swap space
#   The process is running with CompressedOops enabled, and the Java Heap may be blocking the growth of the native heap
# Possible solutions:
#   Reduce memory load on the system
#   Increase physical memory or swap space
#   Check if swap backing store is full
#   Decrease Java heap size (-Xmx/-Xms)
#   Decrease number of Java threads
#   Decrease Java thread stack sizes (-Xss)
#   Set larger code cache with -XX:ReservedCodeCacheSize=
# This output file may be truncated or incomplete.
#
#  Out of Memory Error (./open/src/hotspot/os/windows/os_windows.cpp:3275), pid=18920, tid=19020
#
# JRE version:  (11.0.9+7) (build )
# Java VM: Java HotSpot(TM) 64-Bit Server VM (11.0.9+7-LTS, mixed mode, sharing, tiered, compressed oops, g1 gc, windows-amd64)
# No core dump will be written. Minidumps are not enabled by default on client versions of Windows
#

---------------  S U M M A R Y ------------

Command Line: -XX:TieredStopAtLevel=1 -Xverify:none -Dspring.output.ansi.enabled=always -Dcom.sun.management.jmxremote -Dspring.jmx.enabled=true -Dspring.liveBeansView.mbeanDomain -Dspring.application.admin.enabled=true -javaagent:C:\Users\lbolghashvili\AppData\Local\JetBrains\IntelliJ IDEA 2020.2.3\lib\idea_rt.jar=5058:C:\Users\lbolghashvili\AppData\Local\JetBrains\IntelliJ IDEA 2020.2.3\bin -Dfile.encoding=UTF-8 com.ecommerce.ecommerceWeb.EcommerceWebApplication

Host: Intel(R) Core(TM) i7-8700 CPU @ 3.20GHz, 12 cores, 15G,  Windows 10 , 64 bit Build 18362 (10.0.18362.1350)
Time: Tue Apr  6 22:19:18 2021 Georgian Standard Time elapsed time: 0.025276 seconds (0d 0h 0m 0s)

---------------  T H R E A D  ---------------

Current thread (0x000002773a7b8800):  JavaThread "Unknown thread" [_thread_in_vm, id=19020, stack(0x000000efdba00000,0x000000efdbb00000)]

Stack: [0x000000efdba00000,0x000000efdbb00000]
Native frames: (J=compiled Java code, j=interpreted, Vv=VM code, C=native code)
V  [jvm.dll+0x611a3a]
V  [jvm.dll+0x748aaf]
V  [jvm.dll+0x74a135]
V  [jvm.dll+0x74a7b3]
V  [jvm.dll+0x2439f8]
V  [jvm.dll+0x60eeda]
V  [jvm.dll+0x603de5]
V  [jvm.dll+0x2f785c]
V  [jvm.dll+0x2f76e2]
V  [jvm.dll+0x2fc396]
V  [jvm.dll+0x33e1df]
V  [jvm.dll+0x33dc10]
V  [jvm.dll+0x2d5aa8]
V  [jvm.dll+0x2d6c06]
V  [jvm.dll+0x724927]
V  [jvm.dll+0x7261cf]
V  [jvm.dll+0x34af59]
V  [jvm.dll+0x70a4a0]
V  [jvm.dll+0x3b415f]
V  [jvm.dll+0x3b6201]
C  [jli.dll+0x520b]
C  [ucrtbase.dll+0x210b2]
C  [KERNEL32.DLL+0x17c24]
C  [ntdll.dll+0x6d721]


---------------  P R O C E S S  ---------------

Threads class SMR info:
_java_thread_list=0x00000277385bf9a0, length=0, elements={
}

Java Threads: ( => current thread )

Other Threads:
  0x000002773a7cc000 GCTaskThread "GC Thread#0" [stack: 0x000000efdbb00000,0x000000efdbc00000] [id=34396]
  0x000002773a82c800 ConcurrentGCThread "G1 Main Marker" [stack: 0x000000efdbc00000,0x000000efdbd00000] [id=14464]
  0x000002773a831000 ConcurrentGCThread "G1 Conc#0" [stack: 0x000000efdbd00000,0x000000efdbe00000] [id=13104]

[error occurred during error reporting (printing all threads), id 0xc0000005, EXCEPTION_ACCESS_VIOLATION (0xc0000005) at pc=0x00007ff86cb342a7]

VM state:not at safepoint (not fully initialized)

VM Mutex/Monitor currently owned by a thread:  ([mutex/lock_event])
[0x000002773a7b4400] Heap_lock - owner thread: 0x000002773a7b8800

Heap address: 0x0000000702200000, size: 4062 MB, Compressed Oops mode: Non-zero based: 0x0000000702200000
Narrow klass base: 0x0000000000000000, Narrow klass shift: 0

GC Heap History (0 events):
No events

Deoptimization events (0 events):
No events

Classes redefined (0 events):
No events

Internal exceptions (0 events):
No events

Events (0 events):
No events


Dynamic libraries:
0x00007ff7da080000 - 0x00007ff7da08f000 	C:\Program Files\Java\jdk-11.0.9\bin\java.exe
0x00007ff8ae0a0000 - 0x00007ff8ae290000 	C:\Windows\SYSTEM32\ntdll.dll
0x00007ff8add70000 - 0x00007ff8ade22000 	C:\Windows\System32\KERNEL32.DLL
0x00007ff8abea0000 - 0x00007ff8ac145000 	C:\Windows\System32\KERNELBASE.dll
0x00007ff8ab020000 - 0x00007ff8ab11a000 	C:\Windows\System32\ucrtbase.dll
0x00007ff8a0410000 - 0x00007ff8a0425000 	C:\Program Files\Java\jdk-11.0.9\bin\VCRUNTIME140.dll
0x00007ff893950000 - 0x00007ff893968000 	C:\Program Files\Java\jdk-11.0.9\bin\jli.dll
0x00007ff8ade30000 - 0x00007ff8aded3000 	C:\Windows\System32\ADVAPI32.dll
0x00007ff8ad8f0000 - 0x00007ff8ad98e000 	C:\Windows\System32\msvcrt.dll
0x00007ff8adfc0000 - 0x00007ff8ae057000 	C:\Windows\System32\sechost.dll
0x00007ff8ac6f0000 - 0x00007ff8ac80f000 	C:\Windows\System32\RPCRT4.dll
0x00007ff8ac330000 - 0x00007ff8ac4c4000 	C:\Windows\System32\USER32.dll
0x00007ff89b970000 - 0x00007ff89bbf4000 	C:\Windows\WinSxS\amd64_microsoft.windows.common-controls_6595b64144ccf1df_6.0.18362.1379_none_9e7ff3b3e45cc0c4\COMCTL32.dll
0x00007ff8abba0000 - 0x00007ff8abbc1000 	C:\Windows\System32\win32u.dll
0x00007ff8ad9a0000 - 0x00007ff8adcd7000 	C:\Windows\System32\combase.dll
0x00007ff8ac300000 - 0x00007ff8ac326000 	C:\Windows\System32\GDI32.dll
0x00007ff8ab970000 - 0x00007ff8ab9f1000 	C:\Windows\System32\bcryptPrimitives.dll
0x00007ff8aba00000 - 0x00007ff8abb98000 	C:\Windows\System32\gdi32full.dll
0x00007ff8abda0000 - 0x00007ff8abe3e000 	C:\Windows\System32\msvcp_win.dll
0x00007ff8a6a80000 - 0x00007ff8a6a8a000 	C:\Windows\SYSTEM32\VERSION.dll
0x00007ff8add40000 - 0x00007ff8add6e000 	C:\Windows\System32\IMM32.DLL
0x00007ff8779c0000 - 0x00007ff877a5b000 	C:\Program Files\Java\jdk-11.0.9\bin\msvcp140.dll
0x00007ff86c850000 - 0x00007ff86d347000 	C:\Program Files\Java\jdk-11.0.9\bin\server\jvm.dll
0x00007ff8adee0000 - 0x00007ff8adee8000 	C:\Windows\System32\PSAPI.DLL
0x00007ff8a0720000 - 0x00007ff8a0729000 	C:\Windows\SYSTEM32\WSOCK32.dll
0x00007ff8a1f40000 - 0x00007ff8a1f64000 	C:\Windows\SYSTEM32\WINMM.dll
0x00007ff8ac5d0000 - 0x00007ff8ac63f000 	C:\Windows\System32\WS2_32.dll
0x00007ff8a1ce0000 - 0x00007ff8a1d0d000 	C:\Windows\SYSTEM32\WINMMBASE.dll
0x00007ff8abd20000 - 0x00007ff8abd6a000 	C:\Windows\System32\cfgmgr32.dll
0x00007ff8aafb0000 - 0x00007ff8aafc1000 	C:\Windows\System32\kernel.appcore.dll
0x00007ff8a6520000 - 0x00007ff8a6530000 	C:\Program Files\Java\jdk-11.0.9\bin\verify.dll
0x00007ff8a5690000 - 0x00007ff8a5884000 	C:\Windows\SYSTEM32\DBGHELP.DLL
0x00007ff8a5420000 - 0x00007ff8a544a000 	C:\Windows\SYSTEM32\dbgcore.DLL
0x00007ff893920000 - 0x00007ff893948000 	C:\Program Files\Java\jdk-11.0.9\bin\java.dll
0x00007ff8a60b0000 - 0x00007ff8a60ba000 	C:\Program Files\Java\jdk-11.0.9\bin\jimage.dll
0x00007ff8a3d30000 - 0x00007ff8a3d3e000 	C:\Program Files\Java\jdk-11.0.9\bin\instrument.dll
0x00007ff890020000 - 0x00007ff890036000 	C:\Program Files\Java\jdk-11.0.9\bin\zip.dll

dbghelp: loaded successfully - version: 4.0.5 - missing functions: none
symbol engine: initialized successfully - sym options: 0x614 - pdb path: .;C:\Program Files\Java\jdk-11.0.9\bin;C:\Windows\SYSTEM32;C:\Windows\WinSxS\amd64_microsoft.windows.common-controls_6595b64144ccf1df_6.0.18362.1379_none_9e7ff3b3e45cc0c4;C:\Program Files\Java\jdk-11.0.9\bin\server

VM Arguments:
jvm_args: -XX:TieredStopAtLevel=1 -Xverify:none -Dspring.output.ansi.enabled=always -Dcom.sun.management.jmxremote -Dspring.jmx.enabled=true -Dspring.liveBeansView.mbeanDomain -Dspring.application.admin.enabled=true -javaagent:C:\Users\lbolghashvili\AppData\Local\JetBrains\IntelliJ IDEA 2020.2.3\lib\idea_rt.jar=5058:C:\Users\lbolghashvili\AppData\Local\JetBrains\IntelliJ IDEA 2020.2.3\bin -Dfile.encoding=UTF-8 
java_command: com.ecommerce.ecommerceWeb.EcommerceWebApplication
java_class_path (initial): D:\project\ecommerceWeb\target\classes;C:\Users\lbolghashvili\.m2\repository\org\springframework\boot\spring-boot-starter-data-jpa\2.3.1.RELEASE\spring-boot-starter-data-jpa-2.3.1.RELEASE.jar;C:\Users\lbolghashvili\.m2\repository\org\springframework\boot\spring-boot-starter-aop\2.3.1.RELEASE\spring-boot-starter-aop-2.3.1.RELEASE.jar;C:\Users\lbolghashvili\.m2\repository\org\springframework\spring-aop\5.2.7.RELEASE\spring-aop-5.2.7.RELEASE.jar;C:\Users\lbolghashvili\.m2\repository\org\aspectj\aspectjweaver\1.9.5\aspectjweaver-1.9.5.jar;C:\Users\lbolghashvili\.m2\repository\org\springframework\boot\spring-boot-starter-jdbc\2.3.1.RELEASE\spring-boot-starter-jdbc-2.3.1.RELEASE.jar;C:\Users\lbolghashvili\.m2\repository\com\zaxxer\HikariCP\3.4.5\HikariCP-3.4.5.jar;C:\Users\lbolghashvili\.m2\repository\org\springframework\spring-jdbc\5.2.7.RELEASE\spring-jdbc-5.2.7.RELEASE.jar;C:\Users\lbolghashvili\.m2\repository\jakarta\transaction\jakarta.transaction-api\1.3.3\jakarta.transaction-api-1.3.3.jar;C:\Users\lbolghashvili\.m2\repository\jakarta\persistence\jakarta.persistence-api\2.2.3\jakarta.persistence-api-2.2.3.jar;C:\Users\lbolghashvili\.m2\repository\org\hibernate\hibernate-core\5.4.17.Final\hibernate-core-5.4.17.Final.jar;C:\Users\lbolghashvili\.m2\repository\org\jboss\logging\jboss-logging\3.4.1.Final\jboss-logging-3.4.1.Final.jar;C:\Users\lbolghashvili\.m2\repository\org\javassist\javassist\3.24.0-GA\javassist-3.24.0-GA.jar;C:\Users\lbolghashvili\.m2\repository\net\bytebuddy\byte-buddy\1.10.11\byte-buddy-1.10.11.jar;C:\Users\lbolghashvili\.m2\repository\antlr\antlr\2.7.7\antlr-2.7.7.jar;C:\Users\lbolghashvili\.m2\repository\org\jboss\jandex\2.1.3.Final\jandex-2.1.3.Final.jar;C:\Users\lbolghashvili\.m2\repository\com\fasterxml\classmate\1.5.1\classmate-1.5.1.jar;C:\Users\lbolghashvili\.m2\repository\org\dom4j\dom4j\2.1.3\dom4j-2.1.3.jar;C:\Users\lbolghashvili\.m2\repository\org\hibernate\common\hibernate-commons-annotations\5.1.0.Final\hib
Launcher Type: SUN_STANDARD

[Global flags]
     bool BytecodeVerificationLocal                = false                                     {product} {command line}
     bool BytecodeVerificationRemote               = false                                     {product} {command line}
     intx CICompilerCount                          = 4                                         {product} {ergonomic}
     uint ConcGCThreads                            = 3                                         {product} {ergonomic}
     uint G1ConcRefinementThreads                  = 10                                        {product} {ergonomic}
   size_t G1HeapRegionSize                         = 1048576                                   {product} {ergonomic}
    uintx GCDrainStackTargetSize                   = 64                                        {product} {ergonomic}
   size_t InitialHeapSize                          = 266338304                                 {product} {ergonomic}
     bool ManagementServer                         = true                                      {product} {command line}
   size_t MarkStackSize                            = 4194304                                   {product} {ergonomic}
   size_t MaxHeapSize                              = 4259315712                                {product} {ergonomic}
   size_t MinHeapDeltaBytes                        = 1048576                                   {product} {ergonomic}
    uintx NonNMethodCodeHeapSize                   = 7549744                                {pd product} {ergonomic}
    uintx NonProfiledCodeHeapSize                  = 244108496                              {pd product} {ergonomic}
    uintx ProfiledCodeHeapSize                     = 0                                      {pd product} {ergonomic}
    uintx ReservedCodeCacheSize                    = 251658240                              {pd product} {ergonomic}
     bool SegmentedCodeCache                       = true                                      {product} {ergonomic}
     intx TieredStopAtLevel                        = 1                                         {product} {command line}
     bool UseCompressedClassPointers               = true                                 {lp64_product} {ergonomic}
     bool UseCompressedOops                        = true                                 {lp64_product} {ergonomic}
     bool UseG1GC                                  = true                                      {product} {ergonomic}
     bool UseLargePagesIndividualAllocation        = false                                  {pd product} {ergonomic}

Logging:
Log output configuration:
 #0: stdout all=warning uptime,level,tags
 #1: stderr all=off uptime,level,tags

Environment Variables:
JAVA_HOME=C:\Program Files\Java\jdk-11.0.9
PATH=C:\Program Files (x86)\Common Files\Oracle\Java\javapath;c:\app\oracle\product\11.2.0\client_1\bin;C:\Windows\system32;C:\Windows;C:\Windows\System32\Wbem;C:\Windows\System32\WindowsPowerShell\v1.0\;C:\Windows\System32\OpenSSH\;C:\Program Files (x86)\Java\jre6\bin;C:\apache-maven-3.6.3\bin;C:\Program Files\Java\jdk-11.0.9\bin;C:\Users\lbolghashvili\AppData\Local\Microsoft\WindowsApps;C:\Users\lbolghashvili\AppData\Local\Programs\Fiddler;C:\Users\lbolghashvili\AppData\Local\Programs\Git\cmd;C:\Users\lbolghashvili\AppData\Local\Programs\Git\mingw64\bin;C:\Users\lbolghashvili\AppData\Local\Programs\Git\usr\bin
USERNAME=lbolghashvili
OS=Windows_NT
PROCESSOR_IDENTIFIER=Intel64 Family 6 Model 158 Stepping 10, GenuineIntel



---------------  S Y S T E M  ---------------

OS: Windows 10 , 64 bit Build 18362 (10.0.18362.1350)

CPU:total 12 (initial active 12) (6 cores per cpu, 2 threads per core) family 6 model 158 stepping 10, cmov, cx8, fxsr, mmx, sse, sse2, sse3, ssse3, sse4.1, sse4.2, popcnt, avx, avx2, aes, clmul, erms, rtm, 3dnowpref, lzcnt, ht, tsc, tscinvbit, bmi1, bmi2, adx, fma

Memory: 4k page, system-wide physical 16243M (2490M free)
TotalPageFile size 45980M (AvailPageFile size 117M)
current process WorkingSet (physical memory assigned to process): 10M, peak: 10M
current process commit charge ("private bytes"): 62M, peak: 316M

vm_info: Java HotSpot(TM) 64-Bit Server VM (11.0.9+7-LTS) for windows-amd64 JRE (11.0.9+7-LTS), built on Sep 15 2020 16:47:03 by "mach5one" with MS VC++ 15.9 (VS2017)

END.
